[0.010s] Invoking command in '/home/rangoleaa/ros2_ws/ARES-SLAM/slam_bringup/build/slam_bringup': CMAKE_PREFIX_PATH=/opt/ros/humble /usr/bin/cmake /home/rangoleaa/ros2_ws/ARES-SLAM/slam_bringup -DCMAKE_INSTALL_PREFIX=/home/rangoleaa/ros2_ws/ARES-SLAM/slam_bringup/install/slam_bringup
[0.213s] -- The C compiler identification is GNU 13.4.0
[0.333s] -- The CXX compiler identification is GNU 13.4.0
[0.342s] -- Detecting C compiler ABI info
[0.402s] -- Detecting C compiler ABI info - done
[0.409s] -- Check for working C compiler: /usr/bin/cc - skipped
[0.409s] -- Detecting C compile features
[0.410s] -- Detecting C compile features - done
[0.414s] -- Detecting CXX compiler ABI info
[0.477s] -- Detecting CXX compiler ABI info - done
[0.484s] -- Check for working CXX compiler: /usr/bin/c++ - skipped
[0.484s] -- Detecting CXX compile features
[0.484s] -- Detecting CXX compile features - done
[0.496s] -- Found ament_cmake: 1.3.13 (/opt/ros/humble/share/ament_cmake/cmake)
[0.625s] -- Found Python3: /usr/bin/python3 (found version "3.10.12") found components: Interpreter 
[0.706s] -- Found ament_lint_auto: 0.12.15 (/opt/ros/humble/share/ament_lint_auto/cmake)
[0.770s] -- Added test 'cppcheck' to perform static code analysis on C / C++ code
[0.770s] -- Configured cppcheck include dirs: 
[0.770s] -- Configured cppcheck exclude dirs and/or files: 
[0.771s] -- Added test 'lint_cmake' to check CMake code style
[0.774s] -- Added test 'uncrustify' to check C / C++ code style
[0.774s] -- Configured uncrustify additional arguments: 
[0.775s] -- Added test 'xmllint' to check XML markup files
[0.776s] -- Configuring done
[0.778s] -- Generating done
[0.780s] -- Build files have been written to: /home/rangoleaa/ros2_ws/ARES-SLAM/slam_bringup/build/slam_bringup
[0.783s] Invoked command in '/home/rangoleaa/ros2_ws/ARES-SLAM/slam_bringup/build/slam_bringup' returned '0': CMAKE_PREFIX_PATH=/opt/ros/humble /usr/bin/cmake /home/rangoleaa/ros2_ws/ARES-SLAM/slam_bringup -DCMAKE_INSTALL_PREFIX=/home/rangoleaa/ros2_ws/ARES-SLAM/slam_bringup/install/slam_bringup
[0.785s] Invoking command in '/home/rangoleaa/ros2_ws/ARES-SLAM/slam_bringup/build/slam_bringup': CMAKE_PREFIX_PATH=/opt/ros/humble /usr/bin/cmake --build /home/rangoleaa/ros2_ws/ARES-SLAM/slam_bringup/build/slam_bringup -- -j4 -l4
[0.812s] Invoked command in '/home/rangoleaa/ros2_ws/ARES-SLAM/slam_bringup/build/slam_bringup' returned '0': CMAKE_PREFIX_PATH=/opt/ros/humble /usr/bin/cmake --build /home/rangoleaa/ros2_ws/ARES-SLAM/slam_bringup/build/slam_bringup -- -j4 -l4
[0.818s] Invoking command in '/home/rangoleaa/ros2_ws/ARES-SLAM/slam_bringup/build/slam_bringup': CMAKE_PREFIX_PATH=/opt/ros/humble /usr/bin/cmake --install /home/rangoleaa/ros2_ws/ARES-SLAM/slam_bringup/build/slam_bringup
[0.823s] -- Install configuration: ""
[0.823s] -- Installing: /home/rangoleaa/ros2_ws/ARES-SLAM/slam_bringup/install/slam_bringup/share/slam_bringup//launch
[0.823s] -- Installing: /home/rangoleaa/ros2_ws/ARES-SLAM/slam_bringup/install/slam_bringup/share/slam_bringup//launch/slam_demo.launch.xml
[0.824s] -- Installing: /home/rangoleaa/ros2_ws/ARES-SLAM/slam_bringup/install/slam_bringup/share/slam_bringup//launch/lidar_filter_demo.launch.xml
[0.824s] -- Installing: /home/rangoleaa/ros2_ws/ARES-SLAM/slam_bringup/install/slam_bringup/share/ament_index/resource_index/package_run_dependencies/slam_bringup
[0.824s] -- Installing: /home/rangoleaa/ros2_ws/ARES-SLAM/slam_bringup/install/slam_bringup/share/ament_index/resource_index/parent_prefix_path/slam_bringup
[0.824s] -- Installing: /home/rangoleaa/ros2_ws/ARES-SLAM/slam_bringup/install/slam_bringup/share/slam_bringup/environment/ament_prefix_path.sh
[0.824s] -- Installing: /home/rangoleaa/ros2_ws/ARES-SLAM/slam_bringup/install/slam_bringup/share/slam_bringup/environment/ament_prefix_path.dsv
[0.824s] -- Installing: /home/rangoleaa/ros2_ws/ARES-SLAM/slam_bringup/install/slam_bringup/share/slam_bringup/environment/path.sh
[0.824s] -- Installing: /home/rangoleaa/ros2_ws/ARES-SLAM/slam_bringup/install/slam_bringup/share/slam_bringup/environment/path.dsv
[0.824s] -- Installing: /home/rangoleaa/ros2_ws/ARES-SLAM/slam_bringup/install/slam_bringup/share/slam_bringup/local_setup.bash
[0.824s] -- Installing: /home/rangoleaa/ros2_ws/ARES-SLAM/slam_bringup/install/slam_bringup/share/slam_bringup/local_setup.sh
[0.825s] -- Installing: /home/rangoleaa/ros2_ws/ARES-SLAM/slam_bringup/install/slam_bringup/share/slam_bringup/local_setup.zsh
[0.825s] -- Installing: /home/rangoleaa/ros2_ws/ARES-SLAM/slam_bringup/install/slam_bringup/share/slam_bringup/local_setup.dsv
[0.825s] -- Installing: /home/rangoleaa/ros2_ws/ARES-SLAM/slam_bringup/install/slam_bringup/share/slam_bringup/package.dsv
[0.825s] -- Installing: /home/rangoleaa/ros2_ws/ARES-SLAM/slam_bringup/install/slam_bringup/share/ament_index/resource_index/packages/slam_bringup
[0.825s] -- Installing: /home/rangoleaa/ros2_ws/ARES-SLAM/slam_bringup/install/slam_bringup/share/slam_bringup/cmake/slam_bringupConfig.cmake
[0.825s] -- Installing: /home/rangoleaa/ros2_ws/ARES-SLAM/slam_bringup/install/slam_bringup/share/slam_bringup/cmake/slam_bringupConfig-version.cmake
[0.825s] -- Installing: /home/rangoleaa/ros2_ws/ARES-SLAM/slam_bringup/install/slam_bringup/share/slam_bringup/package.xml
[0.827s] Invoked command in '/home/rangoleaa/ros2_ws/ARES-SLAM/slam_bringup/build/slam_bringup' returned '0': CMAKE_PREFIX_PATH=/opt/ros/humble /usr/bin/cmake --install /home/rangoleaa/ros2_ws/ARES-SLAM/slam_bringup/build/slam_bringup
